<?xml version="1.0" encoding="UTF-8"?>
<!-- Generated by org.testng.reporters.JUnitReportReporter -->
<testsuite skipped="0" hostname="DESKTOP-1PII3BL" name="apptestcases.Applogintestcase" tests="2" failures="0" timestamp="2022-03-13T21:27:18 IST" time="25.936" errors="0">
  <testcase name="LoginintoApp" time="12.224" classname="apptestcases.Applogintestcase"/>
  <system-out/>
  <testcase name="TC_002" time="13.712" classname="apptestcases.Applogintestcase"/>
  <system-out/>
</testsuite> <!-- apptestcases.Applogintestcase -->
