<?xml version="1.0" encoding="UTF-8"?>
<!-- Generated by org.testng.reporters.JUnitReportReporter -->
<testsuite hostname="DESKTOP-1PII3BL" failures="0" tests="1" name="apptestcases.Applogintestcase" time="4.555" errors="0" timestamp="2022-03-04T17:26:16 IST" skipped="0">
  <testcase classname="apptestcases.Applogintestcase" name="LoginintoApp" time="4.555"/>
  <system-out/>
</testsuite> <!-- apptestcases.Applogintestcase -->
