<?xml version="1.0" encoding="UTF-8"?>
<!-- Generated by org.testng.reporters.JUnitReportReporter -->
<testsuite skipped="0" hostname="DESKTOP-1PII3BL" name="apptestcases.Applogintestcase" tests="6" failures="0" timestamp="2022-03-22T21:46:34 IST" time="78.652" errors="0">
  <testcase name="LoginintoApp" time="10.934" classname="apptestcases.Applogintestcase"/>
  <system-out/>
  <testcase name="TC_002" time="9.997" classname="apptestcases.Applogintestcase"/>
  <system-out/>
  <testcase name="TC_003" time="15.119" classname="apptestcases.Applogintestcase"/>
  <system-out/>
  <testcase name="TC_004" time="7.599" classname="apptestcases.Applogintestcase"/>
  <system-out/>
  <testcase name="TC_005" time="28.038" classname="apptestcases.Applogintestcase"/>
  <system-out/>
  <testcase name="TC_006" time="6.965" classname="apptestcases.Applogintestcase"/>
  <system-out/>
</testsuite> <!-- apptestcases.Applogintestcase -->
