<?xml version="1.0" encoding="UTF-8"?>
<!-- Generated by org.testng.reporters.JUnitReportReporter -->
<testsuite skipped="0" hostname="DESKTOP-1PII3BL" name="apptestcases.Applogintestcase" tests="6" failures="0" timestamp="2022-03-19T15:14:51 IST" time="65.626" errors="0">
  <testcase name="LoginintoApp" time="11.451" classname="apptestcases.Applogintestcase"/>
  <system-out/>
  <testcase name="TC_002" time="10.213" classname="apptestcases.Applogintestcase"/>
  <system-out/>
  <testcase name="TC_003" time="14.704" classname="apptestcases.Applogintestcase"/>
  <system-out/>
  <testcase name="TC_004" time="8.047" classname="apptestcases.Applogintestcase"/>
  <system-out/>
  <testcase name="TC_005" time="14.555" classname="apptestcases.Applogintestcase"/>
  <system-out/>
  <testcase name="TC_006" time="6.656" classname="apptestcases.Applogintestcase"/>
  <system-out/>
</testsuite> <!-- apptestcases.Applogintestcase -->
